<?xml version="1.0" encoding="UTF-8"?>
<!-- Generated by org.testng.reporters.JUnitXMLReporter -->
<testsuite hostname="RU1109169494" name="Default test" tests="2" failures="0" timestamp="22 Oct 2015 05:32:30 GMT" time="7.333" errors="0">
  <testcase name="testContactWithEmptyDataCanBeCreated" time="2.975" classname="com.example.tests.ContactCreationTests"/>
  <testcase name="testValidGroupCanBeCreated" time="1.448" classname="com.example.tests.ContactCreationTests"/>
</testsuite> <!-- Default test -->
