<?xml version="1.0" encoding="UTF-8"?>
<testng-results skipped="0" failed="0" total="2" passed="2">
  <reporter-output>
  </reporter-output>
  <suite name="Default suite" duration-ms="7333" started-at="2015-10-22T05:32:23Z" finished-at="2015-10-22T05:32:30Z">
    <groups>
    </groups>
    <test name="Default test" duration-ms="7333" started-at="2015-10-22T05:32:23Z" finished-at="2015-10-22T05:32:30Z">
      <class name="com.example.tests.ContactCreationTests">
        <test-method status="PASS" signature="setUp()[pri:0, instance:com.example.tests.ContactCreationTests@3930015a]" name="setUp" is-config="true" duration-ms="2539" started-at="2015-10-22T08:32:23Z" finished-at="2015-10-22T08:32:25Z">
          <reporter-output>
          </reporter-output>
        </test-method> <!-- setUp -->
        <test-method status="PASS" signature="testContactWithEmptyDataCanBeCreated()[pri:0, instance:com.example.tests.ContactCreationTests@3930015a]" name="testContactWithEmptyDataCanBeCreated" duration-ms="2975" started-at="2015-10-22T08:32:25Z" finished-at="2015-10-22T08:32:28Z">
          <reporter-output>
          </reporter-output>
        </test-method> <!-- testContactWithEmptyDataCanBeCreated -->
        <test-method status="PASS" signature="testValidGroupCanBeCreated()[pri:0, instance:com.example.tests.ContactCreationTests@3930015a]" name="testValidGroupCanBeCreated" duration-ms="1448" started-at="2015-10-22T08:32:28Z" finished-at="2015-10-22T08:32:30Z">
          <reporter-output>
          </reporter-output>
        </test-method> <!-- testValidGroupCanBeCreated -->
        <test-method status="PASS" signature="tearDown()[pri:0, instance:com.example.tests.ContactCreationTests@3930015a]" name="tearDown" is-config="true" duration-ms="361" started-at="2015-10-22T08:32:30Z" finished-at="2015-10-22T08:32:30Z">
          <reporter-output>
          </reporter-output>
        </test-method> <!-- tearDown -->
      </class> <!-- com.example.tests.ContactCreationTests -->
    </test> <!-- Default test -->
  </suite> <!-- Default suite -->
</testng-results>
