<?xml version="1.0" encoding="UTF-8"?>
<testng-results skipped="0" failed="0" total="2" passed="2">
  <reporter-output>
  </reporter-output>
  <suite name="Default suite" duration-ms="5924" started-at="2015-10-22T06:13:11Z" finished-at="2015-10-22T06:13:17Z">
    <groups>
    </groups>
    <test name="Default test" duration-ms="5924" started-at="2015-10-22T06:13:11Z" finished-at="2015-10-22T06:13:17Z">
      <class name="com.example.tests.ContactCreationTests">
        <test-method status="PASS" signature="setUp()[pri:0, instance:com.example.tests.ContactCreationTests@3930015a]" name="setUp" is-config="true" duration-ms="2597" started-at="2015-10-22T09:13:11Z" finished-at="2015-10-22T09:13:13Z">
          <reporter-output>
          </reporter-output>
        </test-method> <!-- setUp -->
        <test-method status="PASS" signature="testContactWithEmptyDataCanBeCreated()[pri:0, instance:com.example.tests.ContactCreationTests@3930015a]" name="testContactWithEmptyDataCanBeCreated" duration-ms="1558" started-at="2015-10-22T09:13:13Z" finished-at="2015-10-22T09:13:15Z">
          <reporter-output>
          </reporter-output>
        </test-method> <!-- testContactWithEmptyDataCanBeCreated -->
        <test-method status="PASS" signature="testValidGroupCanBeCreated()[pri:0, instance:com.example.tests.ContactCreationTests@3930015a]" name="testValidGroupCanBeCreated" duration-ms="1395" started-at="2015-10-22T09:13:15Z" finished-at="2015-10-22T09:13:16Z">
          <reporter-output>
          </reporter-output>
        </test-method> <!-- testValidGroupCanBeCreated -->
        <test-method status="PASS" signature="tearDown()[pri:0, instance:com.example.tests.ContactCreationTests@3930015a]" name="tearDown" is-config="true" duration-ms="359" started-at="2015-10-22T09:13:16Z" finished-at="2015-10-22T09:13:17Z">
          <reporter-output>
          </reporter-output>
        </test-method> <!-- tearDown -->
      </class> <!-- com.example.tests.ContactCreationTests -->
    </test> <!-- Default test -->
  </suite> <!-- Default suite -->
</testng-results>
